<?xml version="1.0" encoding="UTF-8"?>
<robot generator="Robot 5.0.1 (Python 3.9.13 on win32)" generated="20230515 10:49:24.862" rpa="true" schemaversion="3">
<suite id="s1" name="robotRPA Certif2" source="D:\Practicals\RPA\robotRPA_Certif2">
<suite id="s1-s1" name="Tasks" source="D:\Practicals\RPA\robotRPA_Certif2\tasks.robot">
<test id="s1-s1-t1" name="Minimal task" line="7">
<kw name="Log" library="BuiltIn">
<arg>Done.</arg>
<doc>Logs the given message with the given level.</doc>
<msg timestamp="20230515 10:49:26.951" level="INFO">Done.</msg>
<status status="PASS" starttime="20230515 10:49:26.950" endtime="20230515 10:49:26.954"/>
</kw>
<status status="PASS" starttime="20230515 10:49:26.944" endtime="20230515 10:49:26.961"/>
</test>
<doc>Template robot main suite.</doc>
<status status="PASS" starttime="20230515 10:49:24.969" endtime="20230515 10:49:26.984"/>
</suite>
<status status="PASS" starttime="20230515 10:49:24.890" endtime="20230515 10:49:27.002"/>
</suite>
<statistics>
<total>
<stat pass="1" fail="0" skip="0">All Tasks</stat>
</total>
<tag>
</tag>
<suite>
<stat pass="1" fail="0" skip="0" id="s1" name="robotRPA Certif2">robotRPA Certif2</stat>
<stat pass="1" fail="0" skip="0" id="s1-s1" name="Tasks">robotRPA Certif2.Tasks</stat>
</suite>
</statistics>
<errors>
</errors>
</robot>
